This file contains any messages produced by compilers while
running configure, to aid debugging if configure makes a mistake.

It was created by avarice configure 2.13, which was
generated by GNU Autoconf 2.69.  Invocation command line was

  $ ./configure 

## --------- ##
## Platform. ##
## --------- ##

hostname = worktop
uname -m = x86_64
uname -r = 4.4.0-116-generic
uname -s = Linux
uname -v = #140-Ubuntu SMP Mon Feb 12 21:23:04 UTC 2018

/usr/bin/uname -p = unknown
/bin/uname -X     = unknown

/bin/arch              = unknown
/usr/bin/arch -k       = unknown
/usr/convex/getsysinfo = unknown
/usr/bin/hostinfo      = unknown
/bin/machine           = unknown
/usr/bin/oslevel       = unknown
/bin/universe          = unknown

PATH: /home/horinek/bin
PATH: /home/horinek/.local/bin
PATH: /usr/local/sbin
PATH: /usr/local/bin
PATH: /usr/sbin
PATH: /usr/bin
PATH: /sbin
PATH: /bin
PATH: /usr/games
PATH: /usr/local/games
PATH: /snap/bin


## ----------- ##
## Core tests. ##
## ----------- ##

configure:2289: checking for a BSD-compatible install
configure:2357: result: /usr/bin/install -c
configure:2368: checking whether build environment is sane
configure:2423: result: yes
configure:2574: checking for a thread-safe mkdir -p
configure:2613: result: /bin/mkdir -p
configure:2620: checking for gawk
configure:2636: found /usr/bin/gawk
configure:2647: result: gawk
configure:2658: checking whether make sets $(MAKE)
configure:2680: result: yes
configure:2826: checking for g++
configure:2842: found /usr/bin/g++
configure:2853: result: g++
configure:2880: checking for C++ compiler version
configure:2889: g++ --version >&5
g++ (Ubuntu 5.4.0-6ubuntu1~16.04.9) 5.4.0 20160609
Copyright (C) 2015 Free Software Foundation, Inc.
This is free software; see the source for copying conditions.  There is NO
warranty; not even for MERCHANTABILITY or FITNESS FOR A PARTICULAR PURPOSE.

configure:2900: $? = 0
configure:2889: g++ -v >&5
Using built-in specs.
COLLECT_GCC=g++
COLLECT_LTO_WRAPPER=/usr/lib/gcc/x86_64-linux-gnu/5/lto-wrapper
Target: x86_64-linux-gnu
Configured with: ../src/configure -v --with-pkgversion='Ubuntu 5.4.0-6ubuntu1~16.04.9' --with-bugurl=file:///usr/share/doc/gcc-5/README.Bugs --enable-languages=c,ada,c++,java,go,d,fortran,objc,obj-c++ --prefix=/usr --program-suffix=-5 --enable-shared --enable-linker-build-id --libexecdir=/usr/lib --without-included-gettext --enable-threads=posix --libdir=/usr/lib --enable-nls --with-sysroot=/ --enable-clocale=gnu --enable-libstdcxx-debug --enable-libstdcxx-time=yes --with-default-libstdcxx-abi=new --enable-gnu-unique-object --disable-vtable-verify --enable-libmpx --enable-plugin --with-system-zlib --disable-browser-plugin --enable-java-awt=gtk --enable-gtk-cairo --with-java-home=/usr/lib/jvm/java-1.5.0-gcj-5-amd64/jre --enable-java-home --with-jvm-root-dir=/usr/lib/jvm/java-1.5.0-gcj-5-amd64 --with-jvm-jar-dir=/usr/lib/jvm-exports/java-1.5.0-gcj-5-amd64 --with-arch-directory=amd64 --with-ecj-jar=/usr/share/java/eclipse-ecj.jar --enable-objc-gc --enable-multiarch --disable-werror --with-arch-32=i686 --with-abi=m64 --with-multilib-list=m32,m64,mx32 --enable-multilib --with-tune=generic --enable-checking=release --build=x86_64-linux-gnu --host=x86_64-linux-gnu --target=x86_64-linux-gnu
Thread model: posix
gcc version 5.4.0 20160609 (Ubuntu 5.4.0-6ubuntu1~16.04.9) 
configure:2900: $? = 0
configure:2889: g++ -V >&5
g++: error: unrecognized command line option '-V'
g++: fatal error: no input files
compilation terminated.
configure:2900: $? = 1
configure:2889: g++ -qversion >&5
g++: error: unrecognized command line option '-qversion'
g++: fatal error: no input files
compilation terminated.
configure:2900: $? = 1
configure:2920: checking whether the C++ compiler works
configure:2942: g++    conftest.cpp  >&5
configure:2946: $? = 0
configure:2994: result: yes
configure:2997: checking for C++ compiler default output file name
configure:2999: result: a.out
configure:3005: checking for suffix of executables
configure:3012: g++ -o conftest    conftest.cpp  >&5
configure:3016: $? = 0
configure:3038: result: 
configure:3060: checking whether we are cross compiling
configure:3068: g++ -o conftest    conftest.cpp  >&5
configure:3072: $? = 0
configure:3079: ./conftest
configure:3083: $? = 0
configure:3098: result: no
configure:3103: checking for suffix of object files
configure:3125: g++ -c   conftest.cpp >&5
configure:3129: $? = 0
configure:3150: result: o
configure:3154: checking whether we are using the GNU C++ compiler
configure:3173: g++ -c   conftest.cpp >&5
configure:3173: $? = 0
configure:3182: result: yes
configure:3191: checking whether g++ accepts -g
configure:3211: g++ -c -g  conftest.cpp >&5
configure:3211: $? = 0
configure:3252: result: yes
configure:3286: checking for style of include used by make
configure:3314: result: GNU
configure:3340: checking dependency style of g++
configure:3451: result: gcc3
configure:3514: checking for gcc
configure:3530: found /usr/bin/gcc
configure:3541: result: gcc
configure:3770: checking for C compiler version
configure:3779: gcc --version >&5
gcc (Ubuntu 5.4.0-6ubuntu1~16.04.9) 5.4.0 20160609
Copyright (C) 2015 Free Software Foundation, Inc.
This is free software; see the source for copying conditions.  There is NO
warranty; not even for MERCHANTABILITY or FITNESS FOR A PARTICULAR PURPOSE.

configure:3790: $? = 0
configure:3779: gcc -v >&5
Using built-in specs.
COLLECT_GCC=gcc
COLLECT_LTO_WRAPPER=/usr/lib/gcc/x86_64-linux-gnu/5/lto-wrapper
Target: x86_64-linux-gnu
Configured with: ../src/configure -v --with-pkgversion='Ubuntu 5.4.0-6ubuntu1~16.04.9' --with-bugurl=file:///usr/share/doc/gcc-5/README.Bugs --enable-languages=c,ada,c++,java,go,d,fortran,objc,obj-c++ --prefix=/usr --program-suffix=-5 --enable-shared --enable-linker-build-id --libexecdir=/usr/lib --without-included-gettext --enable-threads=posix --libdir=/usr/lib --enable-nls --with-sysroot=/ --enable-clocale=gnu --enable-libstdcxx-debug --enable-libstdcxx-time=yes --with-default-libstdcxx-abi=new --enable-gnu-unique-object --disable-vtable-verify --enable-libmpx --enable-plugin --with-system-zlib --disable-browser-plugin --enable-java-awt=gtk --enable-gtk-cairo --with-java-home=/usr/lib/jvm/java-1.5.0-gcj-5-amd64/jre --enable-java-home --with-jvm-root-dir=/usr/lib/jvm/java-1.5.0-gcj-5-amd64 --with-jvm-jar-dir=/usr/lib/jvm-exports/java-1.5.0-gcj-5-amd64 --with-arch-directory=amd64 --with-ecj-jar=/usr/share/java/eclipse-ecj.jar --enable-objc-gc --enable-multiarch --disable-werror --with-arch-32=i686 --with-abi=m64 --with-multilib-list=m32,m64,mx32 --enable-multilib --with-tune=generic --enable-checking=release --build=x86_64-linux-gnu --host=x86_64-linux-gnu --target=x86_64-linux-gnu
Thread model: posix
gcc version 5.4.0 20160609 (Ubuntu 5.4.0-6ubuntu1~16.04.9) 
configure:3790: $? = 0
configure:3779: gcc -V >&5
gcc: error: unrecognized command line option '-V'
gcc: fatal error: no input files
compilation terminated.
configure:3790: $? = 1
configure:3779: gcc -qversion >&5
gcc: error: unrecognized command line option '-qversion'
gcc: fatal error: no input files
compilation terminated.
configure:3790: $? = 1
configure:3794: checking whether we are using the GNU C compiler
configure:3813: gcc -c   conftest.c >&5
configure:3813: $? = 0
configure:3822: result: yes
configure:3831: checking whether gcc accepts -g
configure:3851: gcc -c -g  conftest.c >&5
configure:3851: $? = 0
configure:3892: result: yes
configure:3909: checking for gcc option to accept ISO C89
configure:3972: gcc  -c -g -O2  conftest.c >&5
configure:3972: $? = 0
configure:3985: result: none needed
configure:4007: checking dependency style of gcc
configure:4118: result: gcc3
configure:4136: checking for perl
configure:4154: found /usr/bin/perl
configure:4166: result: /usr/bin/perl
configure:4183: checking for library containing gethostbyname
configure:4214: gcc -o conftest -g -O2   conftest.c  >&5
configure:4214: $? = 0
configure:4231: result: none required
configure:4239: checking for socket
configure:4239: gcc -o conftest -g -O2   conftest.c  >&5
configure:4239: $? = 0
configure:4239: result: yes
configure:4333: checking for library containing inet_aton
configure:4364: gcc -o conftest -g -O2   conftest.c  >&5
configure:4364: $? = 0
configure:4381: result: none required
configure:4394: checking for iconv_open in -liconv
configure:4419: gcc -o conftest -g -O2   conftest.c -liconv   >&5
/usr/bin/ld: cannot find -liconv
collect2: error: ld returned 1 exit status
configure:4419: $? = 1
configure: failed program was:
| /* confdefs.h */
| #define PACKAGE_NAME "avarice"
| #define PACKAGE_TARNAME "avarice"
| #define PACKAGE_VERSION "2.13"
| #define PACKAGE_STRING "avarice 2.13"
| #define PACKAGE_BUGREPORT ""
| #define PACKAGE_URL ""
| #define PACKAGE "avarice"
| #define VERSION "2.13"
| /* end confdefs.h.  */
| 
| /* Override any GCC internal prototype to avoid an error.
|    Use char because int might match the return type of a GCC
|    builtin and then its argument prototype would still apply.  */
| #ifdef __cplusplus
| extern "C"
| #endif
| char iconv_open ();
| int
| main ()
| {
| return iconv_open ();
|   ;
|   return 0;
| }
configure:4428: result: no
configure:4442: checking for libiconv_open in -liconv
configure:4467: gcc -o conftest -g -O2   conftest.c -liconv   >&5
/usr/bin/ld: cannot find -liconv
collect2: error: ld returned 1 exit status
configure:4467: $? = 1
configure: failed program was:
| /* confdefs.h */
| #define PACKAGE_NAME "avarice"
| #define PACKAGE_TARNAME "avarice"
| #define PACKAGE_VERSION "2.13"
| #define PACKAGE_STRING "avarice 2.13"
| #define PACKAGE_BUGREPORT ""
| #define PACKAGE_URL ""
| #define PACKAGE "avarice"
| #define VERSION "2.13"
| /* end confdefs.h.  */
| 
| /* Override any GCC internal prototype to avoid an error.
|    Use char because int might match the return type of a GCC
|    builtin and then its argument prototype would still apply.  */
| #ifdef __cplusplus
| extern "C"
| #endif
| char libiconv_open ();
| int
| main ()
| {
| return libiconv_open ();
|   ;
|   return 0;
| }
configure:4476: result: no
configure:4488: checking for dcgettext in -lintl
configure:4513: gcc -o conftest -g -O2   conftest.c -lintl   >&5
conftest.c:18:6: warning: conflicting types for built-in function 'dcgettext'
 char dcgettext ();
      ^
/usr/bin/ld: cannot find -lintl
collect2: error: ld returned 1 exit status
configure:4513: $? = 1
configure: failed program was:
| /* confdefs.h */
| #define PACKAGE_NAME "avarice"
| #define PACKAGE_TARNAME "avarice"
| #define PACKAGE_VERSION "2.13"
| #define PACKAGE_STRING "avarice 2.13"
| #define PACKAGE_BUGREPORT ""
| #define PACKAGE_URL ""
| #define PACKAGE "avarice"
| #define VERSION "2.13"
| /* end confdefs.h.  */
| 
| /* Override any GCC internal prototype to avoid an error.
|    Use char because int might match the return type of a GCC
|    builtin and then its argument prototype would still apply.  */
| #ifdef __cplusplus
| extern "C"
| #endif
| char dcgettext ();
| int
| main ()
| {
| return dcgettext ();
|   ;
|   return 0;
| }
configure:4522: result: no
configure:4533: checking for xmalloc in -liberty
configure:4558: gcc -o conftest -g -O2   conftest.c -liberty   >&5
/usr/bin/ld: cannot find -liberty
collect2: error: ld returned 1 exit status
configure:4558: $? = 1
configure: failed program was:
| /* confdefs.h */
| #define PACKAGE_NAME "avarice"
| #define PACKAGE_TARNAME "avarice"
| #define PACKAGE_VERSION "2.13"
| #define PACKAGE_STRING "avarice 2.13"
| #define PACKAGE_BUGREPORT ""
| #define PACKAGE_URL ""
| #define PACKAGE "avarice"
| #define VERSION "2.13"
| /* end confdefs.h.  */
| 
| /* Override any GCC internal prototype to avoid an error.
|    Use char because int might match the return type of a GCC
|    builtin and then its argument prototype would still apply.  */
| #ifdef __cplusplus
| extern "C"
| #endif
| char xmalloc ();
| int
| main ()
| {
| return xmalloc ();
|   ;
|   return 0;
| }
configure:4567: result: no
configure:4578: checking for bfd_init in -lbfd
configure:4603: gcc -o conftest -g -O2   conftest.c -lbfd   >&5
/usr/bin/ld: cannot find -lbfd
collect2: error: ld returned 1 exit status
configure:4603: $? = 1
configure: failed program was:
| /* confdefs.h */
| #define PACKAGE_NAME "avarice"
| #define PACKAGE_TARNAME "avarice"
| #define PACKAGE_VERSION "2.13"
| #define PACKAGE_STRING "avarice 2.13"
| #define PACKAGE_BUGREPORT ""
| #define PACKAGE_URL ""
| #define PACKAGE "avarice"
| #define VERSION "2.13"
| /* end confdefs.h.  */
| 
| /* Override any GCC internal prototype to avoid an error.
|    Use char because int might match the return type of a GCC
|    builtin and then its argument prototype would still apply.  */
| #ifdef __cplusplus
| extern "C"
| #endif
| char bfd_init ();
| int
| main ()
| {
| return bfd_init ();
|   ;
|   return 0;
| }
configure:4612: result: no
configure:4625: checking for usb_get_string_simple in -lusb
configure:4650: gcc -o conftest -g -O2   conftest.c -lusb   >&5
configure:4650: $? = 0
configure:4659: result: yes
configure:4677: checking how to run the C preprocessor
configure:4708: gcc -E  conftest.c
configure:4708: $? = 0
configure:4722: gcc -E  conftest.c
conftest.c:12:28: fatal error: ac_nonexistent.h: No such file or directory
compilation terminated.
configure:4722: $? = 1
configure: failed program was:
| /* confdefs.h */
| #define PACKAGE_NAME "avarice"
| #define PACKAGE_TARNAME "avarice"
| #define PACKAGE_VERSION "2.13"
| #define PACKAGE_STRING "avarice 2.13"
| #define PACKAGE_BUGREPORT ""
| #define PACKAGE_URL ""
| #define PACKAGE "avarice"
| #define VERSION "2.13"
| #define HAVE_LIBUSB 1
| /* end confdefs.h.  */
| #include <ac_nonexistent.h>
configure:4747: result: gcc -E
configure:4767: gcc -E  conftest.c
configure:4767: $? = 0
configure:4781: gcc -E  conftest.c
conftest.c:12:28: fatal error: ac_nonexistent.h: No such file or directory
compilation terminated.
configure:4781: $? = 1
configure: failed program was:
| /* confdefs.h */
| #define PACKAGE_NAME "avarice"
| #define PACKAGE_TARNAME "avarice"
| #define PACKAGE_VERSION "2.13"
| #define PACKAGE_STRING "avarice 2.13"
| #define PACKAGE_BUGREPORT ""
| #define PACKAGE_URL ""
| #define PACKAGE "avarice"
| #define VERSION "2.13"
| #define HAVE_LIBUSB 1
| /* end confdefs.h.  */
| #include <ac_nonexistent.h>
configure:4810: checking for grep that handles long lines and -e
configure:4868: result: /bin/grep
configure:4873: checking for egrep
configure:4935: result: /bin/grep -E
configure:4940: checking for ANSI C header files
configure:4960: gcc -c -g -O2  conftest.c >&5
configure:4960: $? = 0
configure:5033: gcc -o conftest -g -O2   conftest.c -lusb  >&5
configure:5033: $? = 0
configure:5033: ./conftest
configure:5033: $? = 0
configure:5044: result: yes
configure:5057: checking for sys/types.h
configure:5057: gcc -c -g -O2  conftest.c >&5
configure:5057: $? = 0
configure:5057: result: yes
configure:5057: checking for sys/stat.h
configure:5057: gcc -c -g -O2  conftest.c >&5
configure:5057: $? = 0
configure:5057: result: yes
configure:5057: checking for stdlib.h
configure:5057: gcc -c -g -O2  conftest.c >&5
configure:5057: $? = 0
configure:5057: result: yes
configure:5057: checking for string.h
configure:5057: gcc -c -g -O2  conftest.c >&5
configure:5057: $? = 0
configure:5057: result: yes
configure:5057: checking for memory.h
configure:5057: gcc -c -g -O2  conftest.c >&5
configure:5057: $? = 0
configure:5057: result: yes
configure:5057: checking for strings.h
configure:5057: gcc -c -g -O2  conftest.c >&5
configure:5057: $? = 0
configure:5057: result: yes
configure:5057: checking for inttypes.h
configure:5057: gcc -c -g -O2  conftest.c >&5
configure:5057: $? = 0
configure:5057: result: yes
configure:5057: checking for stdint.h
configure:5057: gcc -c -g -O2  conftest.c >&5
configure:5057: $? = 0
configure:5057: result: yes
configure:5057: checking for unistd.h
configure:5057: gcc -c -g -O2  conftest.c >&5
configure:5057: $? = 0
configure:5057: result: yes
configure:5072: checking arpa/inet.h usability
configure:5072: gcc -c -g -O2  conftest.c >&5
configure:5072: $? = 0
configure:5072: result: yes
configure:5072: checking arpa/inet.h presence
configure:5072: gcc -E  conftest.c
configure:5072: $? = 0
configure:5072: result: yes
configure:5072: checking for arpa/inet.h
configure:5072: result: yes
configure:5072: checking fcntl.h usability
configure:5072: gcc -c -g -O2  conftest.c >&5
configure:5072: $? = 0
configure:5072: result: yes
configure:5072: checking fcntl.h presence
configure:5072: gcc -E  conftest.c
configure:5072: $? = 0
configure:5072: result: yes
configure:5072: checking for fcntl.h
configure:5072: result: yes
configure:5072: checking netdb.h usability
configure:5072: gcc -c -g -O2  conftest.c >&5
configure:5072: $? = 0
configure:5072: result: yes
configure:5072: checking netdb.h presence
configure:5072: gcc -E  conftest.c
configure:5072: $? = 0
configure:5072: result: yes
configure:5072: checking for netdb.h
configure:5072: result: yes
configure:5072: checking netinet/in.h usability
configure:5072: gcc -c -g -O2  conftest.c >&5
configure:5072: $? = 0
configure:5072: result: yes
configure:5072: checking netinet/in.h presence
configure:5072: gcc -E  conftest.c
configure:5072: $? = 0
configure:5072: result: yes
configure:5072: checking for netinet/in.h
configure:5072: result: yes
configure:5072: checking for stdlib.h
configure:5072: result: yes
configure:5072: checking for string.h
configure:5072: result: yes
configure:5072: checking sys/socket.h usability
configure:5072: gcc -c -g -O2  conftest.c >&5
configure:5072: $? = 0
configure:5072: result: yes
configure:5072: checking sys/socket.h presence
configure:5072: gcc -E  conftest.c
configure:5072: $? = 0
configure:5072: result: yes
configure:5072: checking for sys/socket.h
configure:5072: result: yes
configure:5072: checking sys/time.h usability
configure:5072: gcc -c -g -O2  conftest.c >&5
configure:5072: $? = 0
configure:5072: result: yes
configure:5072: checking sys/time.h presence
configure:5072: gcc -E  conftest.c
configure:5072: $? = 0
configure:5072: result: yes
configure:5072: checking for sys/time.h
configure:5072: result: yes
configure:5072: checking termios.h usability
configure:5072: gcc -c -g -O2  conftest.c >&5
configure:5072: $? = 0
configure:5072: result: yes
configure:5072: checking termios.h presence
configure:5072: gcc -E  conftest.c
configure:5072: $? = 0
configure:5072: result: yes
configure:5072: checking for termios.h
configure:5072: result: yes
configure:5072: checking for unistd.h
configure:5072: result: yes
configure:5085: checking bfd.h usability
configure:5085: gcc -c -g -O2  conftest.c >&5
conftest.c:65:17: fatal error: bfd.h: No such file or directory
compilation terminated.
configure:5085: $? = 1
configure: failed program was:
| /* confdefs.h */
| #define PACKAGE_NAME "avarice"
| #define PACKAGE_TARNAME "avarice"
| #define PACKAGE_VERSION "2.13"
| #define PACKAGE_STRING "avarice 2.13"
| #define PACKAGE_BUGREPORT ""
| #define PACKAGE_URL ""
| #define PACKAGE "avarice"
| #define VERSION "2.13"
| #define HAVE_LIBUSB 1
| #define STDC_HEADERS 1
| #define HAVE_SYS_TYPES_H 1
| #define HAVE_SYS_STAT_H 1
| #define HAVE_STDLIB_H 1
| #define HAVE_STRING_H 1
| #define HAVE_MEMORY_H 1
| #define HAVE_STRINGS_H 1
| #define HAVE_INTTYPES_H 1
| #define HAVE_STDINT_H 1
| #define HAVE_UNISTD_H 1
| #define HAVE_ARPA_INET_H 1
| #define HAVE_FCNTL_H 1
| #define HAVE_NETDB_H 1
| #define HAVE_NETINET_IN_H 1
| #define HAVE_STDLIB_H 1
| #define HAVE_STRING_H 1
| #define HAVE_SYS_SOCKET_H 1
| #define HAVE_SYS_TIME_H 1
| #define HAVE_TERMIOS_H 1
| #define HAVE_UNISTD_H 1
| /* end confdefs.h.  */
| #include <stdio.h>
| #ifdef HAVE_SYS_TYPES_H
| # include <sys/types.h>
| #endif
| #ifdef HAVE_SYS_STAT_H
| # include <sys/stat.h>
| #endif
| #ifdef STDC_HEADERS
| # include <stdlib.h>
| # include <stddef.h>
| #else
| # ifdef HAVE_STDLIB_H
| #  include <stdlib.h>
| # endif
| #endif
| #ifdef HAVE_STRING_H
| # if !defined STDC_HEADERS && defined HAVE_MEMORY_H
| #  include <memory.h>
| # endif
| # include <string.h>
| #endif
| #ifdef HAVE_STRINGS_H
| # include <strings.h>
| #endif
| #ifdef HAVE_INTTYPES_H
| # include <inttypes.h>
| #endif
| #ifdef HAVE_STDINT_H
| # include <stdint.h>
| #endif
| #ifdef HAVE_UNISTD_H
| # include <unistd.h>
| #endif
| #include <bfd.h>
configure:5085: result: no
configure:5085: checking bfd.h presence
configure:5085: gcc -E  conftest.c
conftest.c:32:17: fatal error: bfd.h: No such file or directory
compilation terminated.
configure:5085: $? = 1
configure: failed program was:
| /* confdefs.h */
| #define PACKAGE_NAME "avarice"
| #define PACKAGE_TARNAME "avarice"
| #define PACKAGE_VERSION "2.13"
| #define PACKAGE_STRING "avarice 2.13"
| #define PACKAGE_BUGREPORT ""
| #define PACKAGE_URL ""
| #define PACKAGE "avarice"
| #define VERSION "2.13"
| #define HAVE_LIBUSB 1
| #define STDC_HEADERS 1
| #define HAVE_SYS_TYPES_H 1
| #define HAVE_SYS_STAT_H 1
| #define HAVE_STDLIB_H 1
| #define HAVE_STRING_H 1
| #define HAVE_MEMORY_H 1
| #define HAVE_STRINGS_H 1
| #define HAVE_INTTYPES_H 1
| #define HAVE_STDINT_H 1
| #define HAVE_UNISTD_H 1
| #define HAVE_ARPA_INET_H 1
| #define HAVE_FCNTL_H 1
| #define HAVE_NETDB_H 1
| #define HAVE_NETINET_IN_H 1
| #define HAVE_STDLIB_H 1
| #define HAVE_STRING_H 1
| #define HAVE_SYS_SOCKET_H 1
| #define HAVE_SYS_TIME_H 1
| #define HAVE_TERMIOS_H 1
| #define HAVE_UNISTD_H 1
| /* end confdefs.h.  */
| #include <bfd.h>
configure:5085: result: no
configure:5085: checking for bfd.h
configure:5085: result: no
configure:5099: checking for stdbool.h that conforms to C99
configure:5166: gcc -c -g -O2  conftest.c >&5
configure:5166: $? = 0
configure:5173: result: yes
configure:5175: checking for _Bool
configure:5175: gcc -c -g -O2  conftest.c >&5
configure:5175: $? = 0
configure:5175: gcc -c -g -O2  conftest.c >&5
conftest.c: In function 'main':
conftest.c:68:20: error: expected expression before ')' token
 if (sizeof ((_Bool)))
                    ^
configure:5175: $? = 1
configure: failed program was:
| /* confdefs.h */
| #define PACKAGE_NAME "avarice"
| #define PACKAGE_TARNAME "avarice"
| #define PACKAGE_VERSION "2.13"
| #define PACKAGE_STRING "avarice 2.13"
| #define PACKAGE_BUGREPORT ""
| #define PACKAGE_URL ""
| #define PACKAGE "avarice"
| #define VERSION "2.13"
| #define HAVE_LIBUSB 1
| #define STDC_HEADERS 1
| #define HAVE_SYS_TYPES_H 1
| #define HAVE_SYS_STAT_H 1
| #define HAVE_STDLIB_H 1
| #define HAVE_STRING_H 1
| #define HAVE_MEMORY_H 1
| #define HAVE_STRINGS_H 1
| #define HAVE_INTTYPES_H 1
| #define HAVE_STDINT_H 1
| #define HAVE_UNISTD_H 1
| #define HAVE_ARPA_INET_H 1
| #define HAVE_FCNTL_H 1
| #define HAVE_NETDB_H 1
| #define HAVE_NETINET_IN_H 1
| #define HAVE_STDLIB_H 1
| #define HAVE_STRING_H 1
| #define HAVE_SYS_SOCKET_H 1
| #define HAVE_SYS_TIME_H 1
| #define HAVE_TERMIOS_H 1
| #define HAVE_UNISTD_H 1
| /* end confdefs.h.  */
| #include <stdio.h>
| #ifdef HAVE_SYS_TYPES_H
| # include <sys/types.h>
| #endif
| #ifdef HAVE_SYS_STAT_H
| # include <sys/stat.h>
| #endif
| #ifdef STDC_HEADERS
| # include <stdlib.h>
| # include <stddef.h>
| #else
| # ifdef HAVE_STDLIB_H
| #  include <stdlib.h>
| # endif
| #endif
| #ifdef HAVE_STRING_H
| # if !defined STDC_HEADERS && defined HAVE_MEMORY_H
| #  include <memory.h>
| # endif
| # include <string.h>
| #endif
| #ifdef HAVE_STRINGS_H
| # include <strings.h>
| #endif
| #ifdef HAVE_INTTYPES_H
| # include <inttypes.h>
| #endif
| #ifdef HAVE_STDINT_H
| # include <stdint.h>
| #endif
| #ifdef HAVE_UNISTD_H
| # include <unistd.h>
| #endif
| int
| main ()
| {
| if (sizeof ((_Bool)))
| 	    return 0;
|   ;
|   return 0;
| }
configure:5175: result: yes
configure:5192: checking for an ANSI C-conforming const
configure:5258: gcc -c -g -O2  conftest.c >&5
configure:5258: $? = 0
configure:5265: result: yes
configure:5273: checking for size_t
configure:5273: gcc -c -g -O2  conftest.c >&5
configure:5273: $? = 0
configure:5273: gcc -c -g -O2  conftest.c >&5
conftest.c: In function 'main':
conftest.c:70:21: error: expected expression before ')' token
 if (sizeof ((size_t)))
                     ^
configure:5273: $? = 1
configure: failed program was:
| /* confdefs.h */
| #define PACKAGE_NAME "avarice"
| #define PACKAGE_TARNAME "avarice"
| #define PACKAGE_VERSION "2.13"
| #define PACKAGE_STRING "avarice 2.13"
| #define PACKAGE_BUGREPORT ""
| #define PACKAGE_URL ""
| #define PACKAGE "avarice"
| #define VERSION "2.13"
| #define HAVE_LIBUSB 1
| #define STDC_HEADERS 1
| #define HAVE_SYS_TYPES_H 1
| #define HAVE_SYS_STAT_H 1
| #define HAVE_STDLIB_H 1
| #define HAVE_STRING_H 1
| #define HAVE_MEMORY_H 1
| #define HAVE_STRINGS_H 1
| #define HAVE_INTTYPES_H 1
| #define HAVE_STDINT_H 1
| #define HAVE_UNISTD_H 1
| #define HAVE_ARPA_INET_H 1
| #define HAVE_FCNTL_H 1
| #define HAVE_NETDB_H 1
| #define HAVE_NETINET_IN_H 1
| #define HAVE_STDLIB_H 1
| #define HAVE_STRING_H 1
| #define HAVE_SYS_SOCKET_H 1
| #define HAVE_SYS_TIME_H 1
| #define HAVE_TERMIOS_H 1
| #define HAVE_UNISTD_H 1
| #define HAVE__BOOL 1
| #define HAVE_STDBOOL_H 1
| /* end confdefs.h.  */
| #include <stdio.h>
| #ifdef HAVE_SYS_TYPES_H
| # include <sys/types.h>
| #endif
| #ifdef HAVE_SYS_STAT_H
| # include <sys/stat.h>
| #endif
| #ifdef STDC_HEADERS
| # include <stdlib.h>
| # include <stddef.h>
| #else
| # ifdef HAVE_STDLIB_H
| #  include <stdlib.h>
| # endif
| #endif
| #ifdef HAVE_STRING_H
| # if !defined STDC_HEADERS && defined HAVE_MEMORY_H
| #  include <memory.h>
| # endif
| # include <string.h>
| #endif
| #ifdef HAVE_STRINGS_H
| # include <strings.h>
| #endif
| #ifdef HAVE_INTTYPES_H
| # include <inttypes.h>
| #endif
| #ifdef HAVE_STDINT_H
| # include <stdint.h>
| #endif
| #ifdef HAVE_UNISTD_H
| # include <unistd.h>
| #endif
| int
| main ()
| {
| if (sizeof ((size_t)))
| 	    return 0;
|   ;
|   return 0;
| }
configure:5273: result: yes
configure:5284: checking whether time.h and sys/time.h may both be included
configure:5304: gcc -c -g -O2  conftest.c >&5
configure:5304: $? = 0
configure:5311: result: yes
configure:5319: checking whether struct tm is in sys/time.h or time.h
configure:5339: gcc -c -g -O2  conftest.c >&5
configure:5339: $? = 0
configure:5346: result: time.h
configure:5356: checking for socklen_t
configure:5374: gcc -c -g -O2  conftest.c >&5
configure:5374: $? = 0
configure:5382: result: yes
configure:5391: checking whether libbfd requires libz
configure:5402: gcc -o conftest -g -O2   conftest.c -lusb  >&5
conftest.c:35:17: fatal error: bfd.h: No such file or directory
compilation terminated.
configure:5402: $? = 1
configure: failed program was:
| /* confdefs.h */
| #define PACKAGE_NAME "avarice"
| #define PACKAGE_TARNAME "avarice"
| #define PACKAGE_VERSION "2.13"
| #define PACKAGE_STRING "avarice 2.13"
| #define PACKAGE_BUGREPORT ""
| #define PACKAGE_URL ""
| #define PACKAGE "avarice"
| #define VERSION "2.13"
| #define HAVE_LIBUSB 1
| #define STDC_HEADERS 1
| #define HAVE_SYS_TYPES_H 1
| #define HAVE_SYS_STAT_H 1
| #define HAVE_STDLIB_H 1
| #define HAVE_STRING_H 1
| #define HAVE_MEMORY_H 1
| #define HAVE_STRINGS_H 1
| #define HAVE_INTTYPES_H 1
| #define HAVE_STDINT_H 1
| #define HAVE_UNISTD_H 1
| #define HAVE_ARPA_INET_H 1
| #define HAVE_FCNTL_H 1
| #define HAVE_NETDB_H 1
| #define HAVE_NETINET_IN_H 1
| #define HAVE_STDLIB_H 1
| #define HAVE_STRING_H 1
| #define HAVE_SYS_SOCKET_H 1
| #define HAVE_SYS_TIME_H 1
| #define HAVE_TERMIOS_H 1
| #define HAVE_UNISTD_H 1
| #define HAVE__BOOL 1
| #define HAVE_STDBOOL_H 1
| #define TIME_WITH_SYS_TIME 1
| /* end confdefs.h.  */
| #include <bfd.h>
|   int main(void) {
|     bfd_init();
|     bfd_openr("foo", 0);
|     return 42;
|   }
configure:5406: result: yes
configure:5408: checking for inflate in -lz
configure:5433: gcc -o conftest -g -O2   conftest.c -lz  -lusb  >&5
configure:5433: $? = 0
configure:5442: result: yes
configure:5452: checking whether libbfd requires libdl
configure:5465: gcc -o conftest -g -O2   conftest.c -lusb  -lz >&5
conftest.c:35:17: fatal error: bfd.h: No such file or directory
compilation terminated.
configure:5465: $? = 1
configure: failed program was:
| /* confdefs.h */
| #define PACKAGE_NAME "avarice"
| #define PACKAGE_TARNAME "avarice"
| #define PACKAGE_VERSION "2.13"
| #define PACKAGE_STRING "avarice 2.13"
| #define PACKAGE_BUGREPORT ""
| #define PACKAGE_URL ""
| #define PACKAGE "avarice"
| #define VERSION "2.13"
| #define HAVE_LIBUSB 1
| #define STDC_HEADERS 1
| #define HAVE_SYS_TYPES_H 1
| #define HAVE_SYS_STAT_H 1
| #define HAVE_STDLIB_H 1
| #define HAVE_STRING_H 1
| #define HAVE_MEMORY_H 1
| #define HAVE_STRINGS_H 1
| #define HAVE_INTTYPES_H 1
| #define HAVE_STDINT_H 1
| #define HAVE_UNISTD_H 1
| #define HAVE_ARPA_INET_H 1
| #define HAVE_FCNTL_H 1
| #define HAVE_NETDB_H 1
| #define HAVE_NETINET_IN_H 1
| #define HAVE_STDLIB_H 1
| #define HAVE_STRING_H 1
| #define HAVE_SYS_SOCKET_H 1
| #define HAVE_SYS_TIME_H 1
| #define HAVE_TERMIOS_H 1
| #define HAVE_UNISTD_H 1
| #define HAVE__BOOL 1
| #define HAVE_STDBOOL_H 1
| #define TIME_WITH_SYS_TIME 1
| /* end confdefs.h.  */
| #include <bfd.h>
|   bfd *file;
|   int main(void) {
|     bfd_init();
|     file = bfd_openr("foo", 0);
|     bfd_get_section_name(file, file->sections);
|     return 42;
|   }
configure:5469: result: yes
configure:5471: checking for dlopen in -ldl
configure:5496: gcc -o conftest -g -O2   conftest.c -ldl  -lusb  -lz >&5
configure:5496: $? = 0
configure:5505: result: yes
configure:5516: checking for error_at_line
configure:5532: gcc -o conftest -g -O2   conftest.c -lusb  -lz -ldl >&5
configure:5532: $? = 0
configure:5540: result: yes
configure:5551: checking for pid_t
configure:5551: gcc -c -g -O2  conftest.c >&5
configure:5551: $? = 0
configure:5551: gcc -c -g -O2  conftest.c >&5
conftest.c: In function 'main':
conftest.c:71:20: error: expected expression before ')' token
 if (sizeof ((pid_t)))
                    ^
configure:5551: $? = 1
configure: failed program was:
| /* confdefs.h */
| #define PACKAGE_NAME "avarice"
| #define PACKAGE_TARNAME "avarice"
| #define PACKAGE_VERSION "2.13"
| #define PACKAGE_STRING "avarice 2.13"
| #define PACKAGE_BUGREPORT ""
| #define PACKAGE_URL ""
| #define PACKAGE "avarice"
| #define VERSION "2.13"
| #define HAVE_LIBUSB 1
| #define STDC_HEADERS 1
| #define HAVE_SYS_TYPES_H 1
| #define HAVE_SYS_STAT_H 1
| #define HAVE_STDLIB_H 1
| #define HAVE_STRING_H 1
| #define HAVE_MEMORY_H 1
| #define HAVE_STRINGS_H 1
| #define HAVE_INTTYPES_H 1
| #define HAVE_STDINT_H 1
| #define HAVE_UNISTD_H 1
| #define HAVE_ARPA_INET_H 1
| #define HAVE_FCNTL_H 1
| #define HAVE_NETDB_H 1
| #define HAVE_NETINET_IN_H 1
| #define HAVE_STDLIB_H 1
| #define HAVE_STRING_H 1
| #define HAVE_SYS_SOCKET_H 1
| #define HAVE_SYS_TIME_H 1
| #define HAVE_TERMIOS_H 1
| #define HAVE_UNISTD_H 1
| #define HAVE__BOOL 1
| #define HAVE_STDBOOL_H 1
| #define TIME_WITH_SYS_TIME 1
| /* end confdefs.h.  */
| #include <stdio.h>
| #ifdef HAVE_SYS_TYPES_H
| # include <sys/types.h>
| #endif
| #ifdef HAVE_SYS_STAT_H
| # include <sys/stat.h>
| #endif
| #ifdef STDC_HEADERS
| # include <stdlib.h>
| # include <stddef.h>
| #else
| # ifdef HAVE_STDLIB_H
| #  include <stdlib.h>
| # endif
| #endif
| #ifdef HAVE_STRING_H
| # if !defined STDC_HEADERS && defined HAVE_MEMORY_H
| #  include <memory.h>
| # endif
| # include <string.h>
| #endif
| #ifdef HAVE_STRINGS_H
| # include <strings.h>
| #endif
| #ifdef HAVE_INTTYPES_H
| # include <inttypes.h>
| #endif
| #ifdef HAVE_STDINT_H
| # include <stdint.h>
| #endif
| #ifdef HAVE_UNISTD_H
| # include <unistd.h>
| #endif
| int
| main ()
| {
| if (sizeof ((pid_t)))
| 	    return 0;
|   ;
|   return 0;
| }
configure:5551: result: yes
configure:5564: checking vfork.h usability
configure:5564: gcc -c -g -O2  conftest.c >&5
conftest.c:68:19: fatal error: vfork.h: No such file or directory
compilation terminated.
configure:5564: $? = 1
configure: failed program was:
| /* confdefs.h */
| #define PACKAGE_NAME "avarice"
| #define PACKAGE_TARNAME "avarice"
| #define PACKAGE_VERSION "2.13"
| #define PACKAGE_STRING "avarice 2.13"
| #define PACKAGE_BUGREPORT ""
| #define PACKAGE_URL ""
| #define PACKAGE "avarice"
| #define VERSION "2.13"
| #define HAVE_LIBUSB 1
| #define STDC_HEADERS 1
| #define HAVE_SYS_TYPES_H 1
| #define HAVE_SYS_STAT_H 1
| #define HAVE_STDLIB_H 1
| #define HAVE_STRING_H 1
| #define HAVE_MEMORY_H 1
| #define HAVE_STRINGS_H 1
| #define HAVE_INTTYPES_H 1
| #define HAVE_STDINT_H 1
| #define HAVE_UNISTD_H 1
| #define HAVE_ARPA_INET_H 1
| #define HAVE_FCNTL_H 1
| #define HAVE_NETDB_H 1
| #define HAVE_NETINET_IN_H 1
| #define HAVE_STDLIB_H 1
| #define HAVE_STRING_H 1
| #define HAVE_SYS_SOCKET_H 1
| #define HAVE_SYS_TIME_H 1
| #define HAVE_TERMIOS_H 1
| #define HAVE_UNISTD_H 1
| #define HAVE__BOOL 1
| #define HAVE_STDBOOL_H 1
| #define TIME_WITH_SYS_TIME 1
| /* end confdefs.h.  */
| #include <stdio.h>
| #ifdef HAVE_SYS_TYPES_H
| # include <sys/types.h>
| #endif
| #ifdef HAVE_SYS_STAT_H
| # include <sys/stat.h>
| #endif
| #ifdef STDC_HEADERS
| # include <stdlib.h>
| # include <stddef.h>
| #else
| # ifdef HAVE_STDLIB_H
| #  include <stdlib.h>
| # endif
| #endif
| #ifdef HAVE_STRING_H
| # if !defined STDC_HEADERS && defined HAVE_MEMORY_H
| #  include <memory.h>
| # endif
| # include <string.h>
| #endif
| #ifdef HAVE_STRINGS_H
| # include <strings.h>
| #endif
| #ifdef HAVE_INTTYPES_H
| # include <inttypes.h>
| #endif
| #ifdef HAVE_STDINT_H
| # include <stdint.h>
| #endif
| #ifdef HAVE_UNISTD_H
| # include <unistd.h>
| #endif
| #include <vfork.h>
configure:5564: result: no
configure:5564: checking vfork.h presence
configure:5564: gcc -E  conftest.c
conftest.c:35:19: fatal error: vfork.h: No such file or directory
compilation terminated.
configure:5564: $? = 1
configure: failed program was:
| /* confdefs.h */
| #define PACKAGE_NAME "avarice"
| #define PACKAGE_TARNAME "avarice"
| #define PACKAGE_VERSION "2.13"
| #define PACKAGE_STRING "avarice 2.13"
| #define PACKAGE_BUGREPORT ""
| #define PACKAGE_URL ""
| #define PACKAGE "avarice"
| #define VERSION "2.13"
| #define HAVE_LIBUSB 1
| #define STDC_HEADERS 1
| #define HAVE_SYS_TYPES_H 1
| #define HAVE_SYS_STAT_H 1
| #define HAVE_STDLIB_H 1
| #define HAVE_STRING_H 1
| #define HAVE_MEMORY_H 1
| #define HAVE_STRINGS_H 1
| #define HAVE_INTTYPES_H 1
| #define HAVE_STDINT_H 1
| #define HAVE_UNISTD_H 1
| #define HAVE_ARPA_INET_H 1
| #define HAVE_FCNTL_H 1
| #define HAVE_NETDB_H 1
| #define HAVE_NETINET_IN_H 1
| #define HAVE_STDLIB_H 1
| #define HAVE_STRING_H 1
| #define HAVE_SYS_SOCKET_H 1
| #define HAVE_SYS_TIME_H 1
| #define HAVE_TERMIOS_H 1
| #define HAVE_UNISTD_H 1
| #define HAVE__BOOL 1
| #define HAVE_STDBOOL_H 1
| #define TIME_WITH_SYS_TIME 1
| /* end confdefs.h.  */
| #include <vfork.h>
configure:5564: result: no
configure:5564: checking for vfork.h
configure:5564: result: no
configure:5577: checking for fork
configure:5577: gcc -o conftest -g -O2   conftest.c -lusb  -lz -ldl >&5
conftest.c:58:6: warning: conflicting types for built-in function 'fork'
 char fork ();
      ^
configure:5577: $? = 0
configure:5577: result: yes
configure:5577: checking for vfork
configure:5577: gcc -o conftest -g -O2   conftest.c -lusb  -lz -ldl >&5
configure:5577: $? = 0
configure:5577: result: yes
configure:5587: checking for working fork
configure:5609: gcc -o conftest -g -O2   conftest.c -lusb  -lz -ldl >&5
configure:5609: $? = 0
configure:5609: ./conftest
configure:5609: $? = 0
configure:5619: result: yes
configure:5640: checking for working vfork
configure:5750: result: yes
configure:5775: checking for working memcmp
configure:5818: gcc -o conftest -g -O2   conftest.c -lusb  -lz -ldl >&5
configure:5818: $? = 0
configure:5818: ./conftest
configure:5818: $? = 0
configure:5828: result: yes
configure:5840: checking sys/select.h usability
configure:5840: gcc -c -g -O2  conftest.c >&5
configure:5840: $? = 0
configure:5840: result: yes
configure:5840: checking sys/select.h presence
configure:5840: gcc -E  conftest.c
configure:5840: $? = 0
configure:5840: result: yes
configure:5840: checking for sys/select.h
configure:5840: result: yes
configure:5840: checking for sys/socket.h
configure:5840: result: yes
configure:5850: checking types of arguments for select
configure:5878: gcc -c -g -O2  conftest.c >&5
configure:5878: $? = 0
configure:5889: result: int,fd_set *,struct timeval *
configure:5912: checking whether lstat correctly handles trailing slash
configure:5938: gcc -o conftest -g -O2   conftest.c -lusb  -lz -ldl >&5
configure:5938: $? = 0
configure:5938: ./conftest
configure:5938: $? = 0
configure:5955: result: yes
configure:5974: checking whether stat accepts an empty string
configure:5994: gcc -o conftest -g -O2   conftest.c -lusb  -lz -ldl >&5
configure:5994: $? = 0
configure:5994: ./conftest
configure:5994: $? = 0
configure:6004: result: no
configure:6022: checking for vprintf
configure:6022: gcc -o conftest -g -O2   conftest.c -lusb  -lz -ldl >&5
conftest.c:68:6: warning: conflicting types for built-in function 'vprintf'
 char vprintf ();
      ^
configure:6022: $? = 0
configure:6022: result: yes
configure:6028: checking for _doprnt
configure:6028: gcc -o conftest -g -O2   conftest.c -lusb  -lz -ldl >&5
/tmp/ccSaXam0.o: In function `main':
/home/horinek/clone/avarice-2.13.p/conftest.c:80: undefined reference to `_doprnt'
collect2: error: ld returned 1 exit status
configure:6028: $? = 1
configure: failed program was:
| /* confdefs.h */
| #define PACKAGE_NAME "avarice"
| #define PACKAGE_TARNAME "avarice"
| #define PACKAGE_VERSION "2.13"
| #define PACKAGE_STRING "avarice 2.13"
| #define PACKAGE_BUGREPORT ""
| #define PACKAGE_URL ""
| #define PACKAGE "avarice"
| #define VERSION "2.13"
| #define HAVE_LIBUSB 1
| #define STDC_HEADERS 1
| #define HAVE_SYS_TYPES_H 1
| #define HAVE_SYS_STAT_H 1
| #define HAVE_STDLIB_H 1
| #define HAVE_STRING_H 1
| #define HAVE_MEMORY_H 1
| #define HAVE_STRINGS_H 1
| #define HAVE_INTTYPES_H 1
| #define HAVE_STDINT_H 1
| #define HAVE_UNISTD_H 1
| #define HAVE_ARPA_INET_H 1
| #define HAVE_FCNTL_H 1
| #define HAVE_NETDB_H 1
| #define HAVE_NETINET_IN_H 1
| #define HAVE_STDLIB_H 1
| #define HAVE_STRING_H 1
| #define HAVE_SYS_SOCKET_H 1
| #define HAVE_SYS_TIME_H 1
| #define HAVE_TERMIOS_H 1
| #define HAVE_UNISTD_H 1
| #define HAVE__BOOL 1
| #define HAVE_STDBOOL_H 1
| #define TIME_WITH_SYS_TIME 1
| #define HAVE_FORK 1
| #define HAVE_VFORK 1
| #define HAVE_WORKING_VFORK 1
| #define HAVE_WORKING_FORK 1
| #define HAVE_SYS_SELECT_H 1
| #define HAVE_SYS_SOCKET_H 1
| #define SELECT_TYPE_ARG1 int
| #define SELECT_TYPE_ARG234 (fd_set *)
| #define SELECT_TYPE_ARG5 (struct timeval *)
| #define LSTAT_FOLLOWS_SLASHED_SYMLINK 1
| #define HAVE_VPRINTF 1
| /* end confdefs.h.  */
| /* Define _doprnt to an innocuous variant, in case <limits.h> declares _doprnt.
|    For example, HP-UX 11i <limits.h> declares gettimeofday.  */
| #define _doprnt innocuous__doprnt
| 
| /* System header to define __stub macros and hopefully few prototypes,
|     which can conflict with char _doprnt (); below.
|     Prefer <limits.h> to <assert.h> if __STDC__ is defined, since
|     <limits.h> exists even on freestanding compilers.  */
| 
| #ifdef __STDC__
| # include <limits.h>
| #else
| # include <assert.h>
| #endif
| 
| #undef _doprnt
| 
| /* Override any GCC internal prototype to avoid an error.
|    Use char because int might match the return type of a GCC
|    builtin and then its argument prototype would still apply.  */
| #ifdef __cplusplus
| extern "C"
| #endif
| char _doprnt ();
| /* The GNU C library defines this for functions which it implements
|     to always fail with ENOSYS.  Some functions are actually named
|     something starting with __ and the normal name is an alias.  */
| #if defined __stub__doprnt || defined __stub____doprnt
| choke me
| #endif
| 
| int
| main ()
| {
| return _doprnt ();
|   ;
|   return 0;
| }
configure:6028: result: no
configure:6042: checking for atexit
configure:6042: gcc -o conftest -g -O2   conftest.c -lusb  -lz -ldl >&5
configure:6042: $? = 0
configure:6042: result: yes
configure:6042: checking for gethostbyname
configure:6042: gcc -o conftest -g -O2   conftest.c -lusb  -lz -ldl >&5
configure:6042: $? = 0
configure:6042: result: yes
configure:6042: checking for inet_ntoa
configure:6042: gcc -o conftest -g -O2   conftest.c -lusb  -lz -ldl >&5
configure:6042: $? = 0
configure:6042: result: yes
configure:6042: checking for memmove
configure:6042: gcc -o conftest -g -O2   conftest.c -lusb  -lz -ldl >&5
conftest.c:72:6: warning: conflicting types for built-in function 'memmove'
 char memmove ();
      ^
configure:6042: $? = 0
configure:6042: result: yes
configure:6042: checking for memset
configure:6042: gcc -o conftest -g -O2   conftest.c -lusb  -lz -ldl >&5
conftest.c:73:6: warning: conflicting types for built-in function 'memset'
 char memset ();
      ^
configure:6042: $? = 0
configure:6042: result: yes
configure:6042: checking for select
configure:6042: gcc -o conftest -g -O2   conftest.c -lusb  -lz -ldl >&5
configure:6042: $? = 0
configure:6042: result: yes
configure:6042: checking for socket
configure:6042: result: yes
configure:6042: checking for strcasecmp
configure:6042: gcc -o conftest -g -O2   conftest.c -lusb  -lz -ldl >&5
conftest.c:76:6: warning: conflicting types for built-in function 'strcasecmp'
 char strcasecmp ();
      ^
configure:6042: $? = 0
configure:6042: result: yes
configure:6042: checking for strerror
configure:6042: gcc -o conftest -g -O2   conftest.c -lusb  -lz -ldl >&5
configure:6042: $? = 0
configure:6042: result: yes
configure:6042: checking for strtol
configure:6042: gcc -o conftest -g -O2   conftest.c -lusb  -lz -ldl >&5
configure:6042: $? = 0
configure:6042: result: yes
configure:6205: checking that generated files are newer than configure
configure:6211: result: done
configure:6238: creating ./config.status

## ---------------------- ##
## Running config.status. ##
## ---------------------- ##

This file was extended by avarice config.status 2.13, which was
generated by GNU Autoconf 2.69.  Invocation command line was

  CONFIG_FILES    = 
  CONFIG_HEADERS  = 
  CONFIG_LINKS    = 
  CONFIG_COMMANDS = 
  $ ./config.status 

on worktop

config.status:896: creating scripts/Makefile
config.status:896: creating scripts/ice-gdb
config.status:1004: WARNING:  'scripts/ice-gdb.in' seems to ignore the --datarootdir setting
config.status:896: creating src/Makefile
config.status:896: creating doc/Makefile
config.status:896: creating avarice.spec
config.status:896: creating Makefile
config.status:896: creating src/autoconf.h
config.status:1077: src/autoconf.h is unchanged
config.status:1125: executing depfiles commands

## ---------------- ##
## Cache variables. ##
## ---------------- ##

ac_cv_c_compiler_gnu=yes
ac_cv_c_const=yes
ac_cv_cxx_compiler_gnu=yes
ac_cv_env_CCC_set=
ac_cv_env_CCC_value=
ac_cv_env_CC_set=
ac_cv_env_CC_value=
ac_cv_env_CFLAGS_set=
ac_cv_env_CFLAGS_value=
ac_cv_env_CPPFLAGS_set=
ac_cv_env_CPPFLAGS_value=
ac_cv_env_CPP_set=
ac_cv_env_CPP_value=
ac_cv_env_CXXFLAGS_set=
ac_cv_env_CXXFLAGS_value=
ac_cv_env_CXX_set=
ac_cv_env_CXX_value=
ac_cv_env_LDFLAGS_set=
ac_cv_env_LDFLAGS_value=
ac_cv_env_LIBS_set=
ac_cv_env_LIBS_value=
ac_cv_env_build_alias_set=
ac_cv_env_build_alias_value=
ac_cv_env_host_alias_set=
ac_cv_env_host_alias_value=
ac_cv_env_target_alias_set=
ac_cv_env_target_alias_value=
ac_cv_func__doprnt=no
ac_cv_func_atexit=yes
ac_cv_func_fork=yes
ac_cv_func_fork_works=yes
ac_cv_func_gethostbyname=yes
ac_cv_func_inet_ntoa=yes
ac_cv_func_lstat_dereferences_slashed_symlink=yes
ac_cv_func_memcmp_working=yes
ac_cv_func_memmove=yes
ac_cv_func_memset=yes
ac_cv_func_select=yes
ac_cv_func_select_args='int,fd_set *,struct timeval *'
ac_cv_func_socket=yes
ac_cv_func_stat_empty_string_bug=no
ac_cv_func_strcasecmp=yes
ac_cv_func_strerror=yes
ac_cv_func_strtol=yes
ac_cv_func_vfork=yes
ac_cv_func_vfork_works=yes
ac_cv_func_vprintf=yes
ac_cv_header_arpa_inet_h=yes
ac_cv_header_bfd_h=no
ac_cv_header_fcntl_h=yes
ac_cv_header_inttypes_h=yes
ac_cv_header_memory_h=yes
ac_cv_header_netdb_h=yes
ac_cv_header_netinet_in_h=yes
ac_cv_header_stdbool_h=yes
ac_cv_header_stdc=yes
ac_cv_header_stdint_h=yes
ac_cv_header_stdlib_h=yes
ac_cv_header_string_h=yes
ac_cv_header_strings_h=yes
ac_cv_header_sys_select_h=yes
ac_cv_header_sys_socket_h=yes
ac_cv_header_sys_stat_h=yes
ac_cv_header_sys_time_h=yes
ac_cv_header_sys_types_h=yes
ac_cv_header_termios_h=yes
ac_cv_header_time=yes
ac_cv_header_unistd_h=yes
ac_cv_header_vfork_h=no
ac_cv_lib_bfd_bfd_init=no
ac_cv_lib_dl_dlopen=yes
ac_cv_lib_error_at_line=yes
ac_cv_lib_iberty_xmalloc=no
ac_cv_lib_iconv_iconv_open=no
ac_cv_lib_iconv_libiconv_open=no
ac_cv_lib_intl_dcgettext=no
ac_cv_lib_usb_usb_get_string_simple=yes
ac_cv_lib_z_inflate=yes
ac_cv_objext=o
ac_cv_path_EGREP='/bin/grep -E'
ac_cv_path_GREP=/bin/grep
ac_cv_path_install='/usr/bin/install -c'
ac_cv_path_mkdir=/bin/mkdir
ac_cv_path_pathperl=/usr/bin/perl
ac_cv_prog_AWK=gawk
ac_cv_prog_CPP='gcc -E'
ac_cv_prog_ac_ct_CC=gcc
ac_cv_prog_ac_ct_CXX=g++
ac_cv_prog_cc_c89=
ac_cv_prog_cc_g=yes
ac_cv_prog_cxx_g=yes
ac_cv_prog_make_make_set=yes
ac_cv_search_gethostbyname='none required'
ac_cv_search_inet_aton='none required'
ac_cv_struct_tm=time.h
ac_cv_type__Bool=yes
ac_cv_type_pid_t=yes
ac_cv_type_size_t=yes
ac_cv_type_socklen_t=yes
am_cv_CC_dependencies_compiler_type=gcc3
am_cv_CXX_dependencies_compiler_type=gcc3

## ----------------- ##
## Output variables. ##
## ----------------- ##

ACLOCAL='${SHELL} /home/horinek/clone/avarice-2.13.p/config-aux/missing --run aclocal-1.12'
AMDEPBACKSLASH='\'
AMDEP_FALSE='#'
AMDEP_TRUE=''
AMTAR='$${TAR-tar}'
AM_CPPFLAGS='-DENABLE_TARGET_PROGRAMMING=0'
AUTOCONF='${SHELL} /home/horinek/clone/avarice-2.13.p/config-aux/missing --run autoconf'
AUTOHEADER='${SHELL} /home/horinek/clone/avarice-2.13.p/config-aux/missing --run autoheader'
AUTOMAKE='${SHELL} /home/horinek/clone/avarice-2.13.p/config-aux/missing --run automake-1.12'
AWK='gawk'
CC='gcc'
CCDEPMODE='depmode=gcc3'
CFLAGS='-g -O2'
CPP='gcc -E'
CPPFLAGS=''
CXX='g++'
CXXDEPMODE='depmode=gcc3'
CXXFLAGS='-g -O2'
CYGPATH_W='echo'
DEFS='-DHAVE_CONFIG_H'
DEPDIR='.deps'
ECHO_C=''
ECHO_N='-n'
ECHO_T=''
EGREP='/bin/grep -E'
EXEEXT=''
GREP='/bin/grep'
INSTALL_DATA='${INSTALL} -m 644'
INSTALL_PROGRAM='${INSTALL}'
INSTALL_SCRIPT='${INSTALL}'
INSTALL_STRIP_PROGRAM='$(install_sh) -c -s'
LDFLAGS=''
LIBOBJS=''
LIBS='-lusb  -lz -ldl'
LTLIBOBJS=''
MAKEINFO='${SHELL} /home/horinek/clone/avarice-2.13.p/config-aux/missing --run makeinfo'
MKDIR_P='/bin/mkdir -p'
OBJEXT='o'
PACKAGE='avarice'
PACKAGE_BUGREPORT=''
PACKAGE_NAME='avarice'
PACKAGE_STRING='avarice 2.13'
PACKAGE_TARNAME='avarice'
PACKAGE_URL=''
PACKAGE_VERSION='2.13'
PATH_SEPARATOR=':'
SET_MAKE=''
SHELL='/bin/bash'
STRIP=''
VERSION='2.13'
ac_ct_CC='gcc'
ac_ct_CXX='g++'
am__EXEEXT_FALSE=''
am__EXEEXT_TRUE='#'
am__fastdepCC_FALSE='#'
am__fastdepCC_TRUE=''
am__fastdepCXX_FALSE='#'
am__fastdepCXX_TRUE=''
am__include='include'
am__isrc=''
am__leading_dot='.'
am__nodep='_no'
am__quote=''
am__tar='$${TAR-tar} chof - "$$tardir"'
am__untar='$${TAR-tar} xf -'
bindir='${exec_prefix}/bin'
build_alias=''
datadir='${datarootdir}'
datarootdir='${prefix}/share'
docdir='${datarootdir}/doc/${PACKAGE_TARNAME}'
dvidir='${docdir}'
exec_prefix='${prefix}'
host_alias=''
htmldir='${docdir}'
includedir='${prefix}/include'
infodir='${datarootdir}/info'
install_sh='${SHELL} /home/horinek/clone/avarice-2.13.p/config-aux/install-sh'
libdir='${exec_prefix}/lib'
libexecdir='${exec_prefix}/libexec'
localedir='${datarootdir}/locale'
localstatedir='${prefix}/var'
mandir='${datarootdir}/man'
mkdir_p='$(MKDIR_P)'
oldincludedir='/usr/include'
pathperl='/usr/bin/perl'
pdfdir='${docdir}'
prefix='/usr/local'
program_transform_name='s,x,x,'
psdir='${docdir}'
sbindir='${exec_prefix}/sbin'
sharedstatedir='${prefix}/com'
sysconfdir='${prefix}/etc'
target_alias=''

## ----------- ##
## confdefs.h. ##
## ----------- ##

/* confdefs.h */
#define PACKAGE_NAME "avarice"
#define PACKAGE_TARNAME "avarice"
#define PACKAGE_VERSION "2.13"
#define PACKAGE_STRING "avarice 2.13"
#define PACKAGE_BUGREPORT ""
#define PACKAGE_URL ""
#define PACKAGE "avarice"
#define VERSION "2.13"
#define HAVE_LIBUSB 1
#define STDC_HEADERS 1
#define HAVE_SYS_TYPES_H 1
#define HAVE_SYS_STAT_H 1
#define HAVE_STDLIB_H 1
#define HAVE_STRING_H 1
#define HAVE_MEMORY_H 1
#define HAVE_STRINGS_H 1
#define HAVE_INTTYPES_H 1
#define HAVE_STDINT_H 1
#define HAVE_UNISTD_H 1
#define HAVE_ARPA_INET_H 1
#define HAVE_FCNTL_H 1
#define HAVE_NETDB_H 1
#define HAVE_NETINET_IN_H 1
#define HAVE_STDLIB_H 1
#define HAVE_STRING_H 1
#define HAVE_SYS_SOCKET_H 1
#define HAVE_SYS_TIME_H 1
#define HAVE_TERMIOS_H 1
#define HAVE_UNISTD_H 1
#define HAVE__BOOL 1
#define HAVE_STDBOOL_H 1
#define TIME_WITH_SYS_TIME 1
#define HAVE_FORK 1
#define HAVE_VFORK 1
#define HAVE_WORKING_VFORK 1
#define HAVE_WORKING_FORK 1
#define HAVE_SYS_SELECT_H 1
#define HAVE_SYS_SOCKET_H 1
#define SELECT_TYPE_ARG1 int
#define SELECT_TYPE_ARG234 (fd_set *)
#define SELECT_TYPE_ARG5 (struct timeval *)
#define LSTAT_FOLLOWS_SLASHED_SYMLINK 1
#define HAVE_VPRINTF 1
#define HAVE_ATEXIT 1
#define HAVE_GETHOSTBYNAME 1
#define HAVE_INET_NTOA 1
#define HAVE_MEMMOVE 1
#define HAVE_MEMSET 1
#define HAVE_SELECT 1
#define HAVE_SOCKET 1
#define HAVE_STRCASECMP 1
#define HAVE_STRERROR 1
#define HAVE_STRTOL 1

configure: exit 0
